[  0%] Built target std_msgs_generate_messages_nodejs
[  0%] Built target _radar_conti_generate_messages_check_deps_FilterCfg
[  0%] Built target _radar_conti_generate_messages_check_deps_Frame
[  0%] Built target _radar_conti_generate_messages_check_deps_VersionID
[  0%] Built target _radar_conti_generate_messages_check_deps_CollisonObj
[  0%] Built target _radar_conti_generate_messages_check_deps_ObjectStatus
[  0%] Built target _radar_conti_generate_messages_check_deps_RadarState
[  0%] Built target _radar_conti_generate_messages_check_deps_FilterStateHeader
[  0%] Built target _radar_conti_generate_messages_check_deps_Object
[  0%] Built target _radar_conti_generate_messages_check_deps_ObjectQuality
[  0%] Built target _radar_conti_generate_messages_check_deps_ClusterStatus
[  0%] Built target _radar_conti_generate_messages_check_deps_ClusterQuality
[  0%] Built target _radar_conti_generate_messages_check_deps_CollisonList
[  0%] Built target _radar_conti_generate_messages_check_deps_ClusterGeneral
[  0%] Built target _radar_conti_generate_messages_check_deps_ObjectGeneral
[  0%] Built target _radar_conti_generate_messages_check_deps_ObjectExtended
[  0%] Built target _radar_conti_generate_messages_check_deps_ObjectList
[  0%] Built target std_msgs_generate_messages_py
[  0%] Built target _radar_conti_generate_messages_check_deps_ClusterList
[  0%] Built target std_msgs_generate_messages_cpp
[  0%] Built target std_msgs_generate_messages_eus
[  0%] Built target geometry_msgs_generate_messages_eus
[  0%] Built target std_msgs_generate_messages_lisp
[  0%] Built target _radar_conti_generate_messages_check_deps_RadarConfiguration
[  0%] Built target _radar_conti_generate_messages_check_deps_FilterStateCfg
[  0%] Built target _radar_conti_generate_messages_check_deps_Cluster
[  0%] Built target can_msgs_generate_messages_lisp
[  0%] Built target can_msgs_generate_messages_nodejs
[  0%] Built target _catkin_empty_exported_target
[  0%] Built target actionlib_msgs_generate_messages_py
[  0%] Built target can_msgs_generate_messages_py
[  0%] Built target actionlib_msgs_generate_messages_lisp
[  0%] Built target actionlib_msgs_generate_messages_nodejs
[  0%] Built target geometry_msgs_generate_messages_cpp
[  0%] Built target actionlib_msgs_generate_messages_cpp
[  0%] Built target roscpp_generate_messages_nodejs
[  0%] Built target nav_msgs_generate_messages_cpp
[  0%] Built target geometry_msgs_generate_messages_lisp
[  0%] Built target can_msgs_generate_messages_eus
[  0%] Built target nav_msgs_generate_messages_eus
[  0%] Built target roscpp_generate_messages_py
[  0%] Built target geometry_msgs_generate_messages_nodejs
[  0%] Built target roscpp_generate_messages_cpp
[  0%] Built target roscpp_generate_messages_lisp
[  0%] Built target nav_msgs_generate_messages_lisp
[  0%] Built target nav_msgs_generate_messages_py
[  0%] Built target nav_msgs_generate_messages_nodejs
[  0%] Built target rosgraph_msgs_generate_messages_cpp
[  0%] Built target rosgraph_msgs_generate_messages_lisp
[  0%] Built target geometry_msgs_generate_messages_py
[  0%] Built target roscpp_generate_messages_eus
[  0%] Built target rosgraph_msgs_generate_messages_eus
[  0%] Built target actionlib_msgs_generate_messages_eus
[  0%] Built target rosgraph_msgs_generate_messages_nodejs
[  0%] Built target can_msgs_generate_messages_cpp
[  0%] Built target rosgraph_msgs_generate_messages_py
[ 19%] Built target radar_conti_generate_messages_py
[ 38%] Built target radar_conti_generate_messages_cpp
[ 57%] Built target radar_conti_generate_messages_nodejs
[ 76%] Built target radar_conti_generate_messages_eus
[ 95%] Built target radar_conti_generate_messages_lisp
[ 97%] Built target radar_info
[35m[1mScanning dependencies of target radar_conti[0m
[ 97%] Built target radar_conti_generate_messages
[ 98%] [32mBuilding CXX object CMakeFiles/radar_conti.dir/src/radar_conti_class.cpp.o[0m
[ 98%] [32m[1mLinking CXX executable /home/nvidia/radar_ws/devel/.private/radar_conti/lib/radar_conti/radar_conti[0m
[100%] Built target radar_conti
