[  0%] Built target std_msgs_generate_messages_nodejs
[  0%] Built target _radar_conti_generate_messages_check_deps_ObjectStatus
[  0%] Built target _radar_conti_generate_messages_check_deps_FilterCfg
[  0%] Built target _radar_conti_generate_messages_check_deps_CollisonObj
[  0%] Built target _radar_conti_generate_messages_check_deps_Frame
[  0%] Built target _radar_conti_generate_messages_check_deps_VersionID
[  0%] Built target _radar_conti_generate_messages_check_deps_ObjectQuality
[  0%] Built target _radar_conti_generate_messages_check_deps_Object
[  0%] Built target _radar_conti_generate_messages_check_deps_RadarState
[  0%] Built target _radar_conti_generate_messages_check_deps_ClusterStatus
[  0%] Built target _radar_conti_generate_messages_check_deps_ClusterQuality
[  0%] Built target _radar_conti_generate_messages_check_deps_FilterStateHeader
[  0%] Built target _radar_conti_generate_messages_check_deps_ClusterGeneral
[  0%] Built target _radar_conti_generate_messages_check_deps_ObjectGeneral
[  0%] Built target _radar_conti_generate_messages_check_deps_CollisonList
[  0%] Built target _radar_conti_generate_messages_check_deps_ObjectExtended
[  0%] Built target _radar_conti_generate_messages_check_deps_ObjectList
[  0%] Built target _radar_conti_generate_messages_check_deps_ClusterList
[  0%] Built target std_msgs_generate_messages_py
[  0%] Built target _radar_conti_generate_messages_check_deps_RadarConfiguration
[  0%] Built target std_msgs_generate_messages_cpp
[  0%] Built target std_msgs_generate_messages_eus
[  0%] Built target geometry_msgs_generate_messages_eus
[  0%] Built target _radar_conti_generate_messages_check_deps_FilterStateCfg
[  0%] Built target _radar_conti_generate_messages_check_deps_Cluster
[  0%] Built target std_msgs_generate_messages_lisp
[  0%] Built target can_msgs_generate_messages_lisp
[  0%] Built target can_msgs_generate_messages_py
[  0%] Built target _catkin_empty_exported_target
[  0%] Built target actionlib_msgs_generate_messages_lisp
[  0%] Built target can_msgs_generate_messages_nodejs
[  0%] Built target actionlib_msgs_generate_messages_cpp
[  0%] Built target actionlib_msgs_generate_messages_py
[  0%] Built target roscpp_generate_messages_nodejs
[  0%] Built target actionlib_msgs_generate_messages_nodejs
[  0%] Built target nav_msgs_generate_messages_cpp
[  0%] Built target geometry_msgs_generate_messages_lisp
[  0%] Built target can_msgs_generate_messages_eus
[  0%] Built target nav_msgs_generate_messages_eus
[  0%] Built target geometry_msgs_generate_messages_cpp
[  0%] Built target roscpp_generate_messages_py
[  0%] Built target geometry_msgs_generate_messages_nodejs
[  0%] Built target roscpp_generate_messages_cpp
[  0%] Built target nav_msgs_generate_messages_lisp
[  0%] Built target nav_msgs_generate_messages_nodejs
[  0%] Built target roscpp_generate_messages_lisp
[  0%] Built target nav_msgs_generate_messages_py
[  0%] Built target geometry_msgs_generate_messages_py
[  0%] Built target rosgraph_msgs_generate_messages_cpp
[  0%] Built target rosgraph_msgs_generate_messages_lisp
[  0%] Built target rosgraph_msgs_generate_messages_eus
[  0%] Built target rosgraph_msgs_generate_messages_nodejs
[  0%] Built target roscpp_generate_messages_eus
[  0%] Built target actionlib_msgs_generate_messages_eus
[  0%] Built target rosgraph_msgs_generate_messages_py
[  0%] Built target can_msgs_generate_messages_cpp
[ 18%] Built target radar_conti_generate_messages_nodejs
[ 45%] Built target radar_conti_generate_messages_py
[ 57%] Built target radar_conti_generate_messages_cpp
[ 76%] Built target radar_conti_generate_messages_eus
[ 95%] Built target radar_conti_generate_messages_lisp
[35m[1mScanning dependencies of target radar_conti[0m
[ 97%] Built target radar_info
[ 97%] Built target radar_conti_generate_messages
[ 98%] [32mBuilding CXX object CMakeFiles/radar_conti.dir/src/radar_conti_class.cpp.o[0m
[01m[K/home/nvidia/radar_ws/src/conti_radar_driver/src/radar_conti_class.cpp:[m[K In member function ‘[01m[Kvoid Radar_Conti::publish_object_map()[m[K’:
[01m[K/home/nvidia/radar_ws/src/conti_radar_driver/src/radar_conti_class.cpp:345:25:[m[K [01;31m[Kerror: [m[Kinvalid operands of types ‘[01m[Kconst char [2][m[K’ and ‘[01m[Kconst char [10][m[K’ to binary ‘[01m[Koperator+[m[K’
                         ss << "object_" << std::fixed << std::setprecision(1) << itr->first  << [01;31m[K"\n"[m[K
                                                                                                 [01;31m[K~~~~[m[K
 [01;31m[K                        + " D_long: "[m[K +   std::to_string(itr->second.object_general.obj_distlong.data) + "m/s" + " \n"
                         [01;31m[K^~~~~~~~~~~~~[m[K
CMakeFiles/radar_conti.dir/build.make:62: recipe for target 'CMakeFiles/radar_conti.dir/src/radar_conti_class.cpp.o' failed
CMakeFiles/Makefile2:2520: recipe for target 'CMakeFiles/radar_conti.dir/all' failed
make[2]: *** [CMakeFiles/radar_conti.dir/src/radar_conti_class.cpp.o] Error 1
make[1]: *** [CMakeFiles/radar_conti.dir/all] Error 2
Makefile:140: recipe for target 'all' failed
make: *** [all] Error 2
