[35m[1mScanning dependencies of target _radar_conti_generate_messages_check_deps_FilterCfg[0m
[  0%] Built target _radar_conti_generate_messages_check_deps_FilterCfg
[35m[1mScanning dependencies of target _radar_conti_generate_messages_check_deps_ObjectStatus[0m
[  0%] Built target _radar_conti_generate_messages_check_deps_ObjectStatus
[35m[1mScanning dependencies of target _radar_conti_generate_messages_check_deps_VersionID[0m
[  0%] Built target _radar_conti_generate_messages_check_deps_VersionID
[35m[1mScanning dependencies of target _radar_conti_generate_messages_check_deps_Frame[0m
[  0%] Built target _radar_conti_generate_messages_check_deps_Frame
[35m[1mScanning dependencies of target std_msgs_generate_messages_nodejs[0m
[  0%] Built target std_msgs_generate_messages_nodejs
[35m[1mScanning dependencies of target _radar_conti_generate_messages_check_deps_CollisonObj[0m
[  0%] Built target _radar_conti_generate_messages_check_deps_CollisonObj
[35m[1mScanning dependencies of target _radar_conti_generate_messages_check_deps_RadarState[0m
[  0%] Built target _radar_conti_generate_messages_check_deps_RadarState
[35m[1mScanning dependencies of target _radar_conti_generate_messages_check_deps_FilterStateHeader[0m
[  0%] Built target _radar_conti_generate_messages_check_deps_FilterStateHeader
[35m[1mScanning dependencies of target _radar_conti_generate_messages_check_deps_ClusterStatus[0m
[  0%] Built target _radar_conti_generate_messages_check_deps_ClusterStatus
[35m[1mScanning dependencies of target _radar_conti_generate_messages_check_deps_ObjectQuality[0m
[  0%] Built target _radar_conti_generate_messages_check_deps_ObjectQuality
[35m[1mScanning dependencies of target _radar_conti_generate_messages_check_deps_ClusterQuality[0m
[  0%] Built target _radar_conti_generate_messages_check_deps_ClusterQuality
[35m[1mScanning dependencies of target _radar_conti_generate_messages_check_deps_Object[0m
[  0%] Built target _radar_conti_generate_messages_check_deps_Object
[35m[1mScanning dependencies of target _radar_conti_generate_messages_check_deps_ClusterGeneral[0m
[  0%] Built target _radar_conti_generate_messages_check_deps_ClusterGeneral
[35m[1mScanning dependencies of target _radar_conti_generate_messages_check_deps_ObjectList[0m
[  0%] Built target _radar_conti_generate_messages_check_deps_ObjectList
[35m[1mScanning dependencies of target _radar_conti_generate_messages_check_deps_CollisonList[0m
[  0%] Built target _radar_conti_generate_messages_check_deps_CollisonList
[35m[1mScanning dependencies of target _radar_conti_generate_messages_check_deps_ObjectGeneral[0m
[  0%] Built target _radar_conti_generate_messages_check_deps_ObjectGeneral
[35m[1mScanning dependencies of target _radar_conti_generate_messages_check_deps_ObjectExtended[0m
[  0%] Built target _radar_conti_generate_messages_check_deps_ObjectExtended
[35m[1mScanning dependencies of target _radar_conti_generate_messages_check_deps_ClusterList[0m
[  0%] Built target _radar_conti_generate_messages_check_deps_ClusterList
[35m[1mScanning dependencies of target _radar_conti_generate_messages_check_deps_RadarConfiguration[0m
[  0%] Built target _radar_conti_generate_messages_check_deps_RadarConfiguration
[35m[1mScanning dependencies of target _radar_conti_generate_messages_check_deps_Cluster[0m
[  0%] Built target _radar_conti_generate_messages_check_deps_Cluster
[35m[1mScanning dependencies of target _radar_conti_generate_messages_check_deps_FilterStateCfg[0m
[  0%] Built target _radar_conti_generate_messages_check_deps_FilterStateCfg
[35m[1mScanning dependencies of target std_msgs_generate_messages_py[0m
[  0%] Built target std_msgs_generate_messages_py
[35m[1mScanning dependencies of target std_msgs_generate_messages_cpp[0m
[  0%] Built target std_msgs_generate_messages_cpp
[35m[1mScanning dependencies of target std_msgs_generate_messages_eus[0m
[  0%] Built target std_msgs_generate_messages_eus
[35m[1mScanning dependencies of target std_msgs_generate_messages_lisp[0m
[  0%] Built target std_msgs_generate_messages_lisp
[35m[1mScanning dependencies of target geometry_msgs_generate_messages_eus[0m
[  0%] Built target geometry_msgs_generate_messages_eus
[35m[1mScanning dependencies of target can_msgs_generate_messages_lisp[0m
[  0%] Built target can_msgs_generate_messages_lisp
[35m[1mScanning dependencies of target can_msgs_generate_messages_py[0m
[  0%] Built target can_msgs_generate_messages_py
[35m[1mScanning dependencies of target _catkin_empty_exported_target[0m
[  0%] Built target _catkin_empty_exported_target
[35m[1mScanning dependencies of target can_msgs_generate_messages_nodejs[0m
[  0%] Built target can_msgs_generate_messages_nodejs
[35m[1mScanning dependencies of target actionlib_msgs_generate_messages_py[0m
[  0%] Built target actionlib_msgs_generate_messages_py
[35m[1mScanning dependencies of target actionlib_msgs_generate_messages_lisp[0m
[  0%] Built target actionlib_msgs_generate_messages_lisp
[35m[1mScanning dependencies of target actionlib_msgs_generate_messages_cpp[0m
[  0%] Built target actionlib_msgs_generate_messages_cpp
[35m[1mScanning dependencies of target roscpp_generate_messages_nodejs[0m
[  0%] Built target roscpp_generate_messages_nodejs
[35m[1mScanning dependencies of target actionlib_msgs_generate_messages_nodejs[0m
[  0%] Built target actionlib_msgs_generate_messages_nodejs
[35m[1mScanning dependencies of target nav_msgs_generate_messages_cpp[0m
[  0%] Built target nav_msgs_generate_messages_cpp
[35m[1mScanning dependencies of target geometry_msgs_generate_messages_cpp[0m
[  0%] Built target geometry_msgs_generate_messages_cpp
[35m[1mScanning dependencies of target geometry_msgs_generate_messages_lisp[0m
[  0%] Built target geometry_msgs_generate_messages_lisp
[35m[1mScanning dependencies of target nav_msgs_generate_messages_eus[0m
[  0%] Built target nav_msgs_generate_messages_eus
[35m[1mScanning dependencies of target can_msgs_generate_messages_eus[0m
[  0%] Built target can_msgs_generate_messages_eus
[35m[1mScanning dependencies of target roscpp_generate_messages_py[0m
[  0%] Built target roscpp_generate_messages_py
[35m[1mScanning dependencies of target roscpp_generate_messages_cpp[0m
[  0%] Built target roscpp_generate_messages_cpp
[35m[1mScanning dependencies of target geometry_msgs_generate_messages_nodejs[0m
[  0%] Built target geometry_msgs_generate_messages_nodejs
[35m[1mScanning dependencies of target roscpp_generate_messages_lisp[0m
[  0%] Built target roscpp_generate_messages_lisp
[35m[1mScanning dependencies of target nav_msgs_generate_messages_lisp[0m
[  0%] Built target nav_msgs_generate_messages_lisp
[35m[1mScanning dependencies of target nav_msgs_generate_messages_nodejs[0m
[  0%] Built target nav_msgs_generate_messages_nodejs
[35m[1mScanning dependencies of target nav_msgs_generate_messages_py[0m
[  0%] Built target nav_msgs_generate_messages_py
[35m[1mScanning dependencies of target geometry_msgs_generate_messages_py[0m
[  0%] Built target geometry_msgs_generate_messages_py
[35m[1mScanning dependencies of target rosgraph_msgs_generate_messages_cpp[0m
[  0%] Built target rosgraph_msgs_generate_messages_cpp
[35m[1mScanning dependencies of target rosgraph_msgs_generate_messages_eus[0m
[  0%] Built target rosgraph_msgs_generate_messages_eus
[35m[1mScanning dependencies of target rosgraph_msgs_generate_messages_lisp[0m
[  0%] Built target rosgraph_msgs_generate_messages_lisp
[35m[1mScanning dependencies of target rosgraph_msgs_generate_messages_nodejs[0m
[  0%] Built target rosgraph_msgs_generate_messages_nodejs
[35m[1mScanning dependencies of target roscpp_generate_messages_eus[0m
[  0%] Built target roscpp_generate_messages_eus
[35m[1mScanning dependencies of target actionlib_msgs_generate_messages_eus[0m
[  0%] Built target actionlib_msgs_generate_messages_eus
[35m[1mScanning dependencies of target rosgraph_msgs_generate_messages_py[0m
[  0%] Built target rosgraph_msgs_generate_messages_py
[35m[1mScanning dependencies of target can_msgs_generate_messages_cpp[0m
[  0%] Built target can_msgs_generate_messages_cpp
[35m[1mScanning dependencies of target radar_conti_generate_messages_nodejs[0m
[  1%] [34m[1mGenerating Javascript code from radar_conti/CollisonObj.msg[0m
[  2%] [34m[1mGenerating Javascript code from radar_conti/ObjectList.msg[0m
[  3%] [34m[1mGenerating Javascript code from radar_conti/ClusterQuality.msg[0m
[35m[1mScanning dependencies of target radar_conti_generate_messages_py[0m
[  4%] [34m[1mGenerating Python from MSG radar_conti/CollisonObj[0m
[  4%] [34m[1mGenerating Javascript code from radar_conti/ClusterGeneral.msg[0m
[  5%] [34m[1mGenerating Javascript code from radar_conti/RadarState.msg[0m
[  6%] [34m[1mGenerating Python from MSG radar_conti/ObjectList[0m
[  7%] [34m[1mGenerating Javascript code from radar_conti/Object.msg[0m
[  8%] [34m[1mGenerating Python from MSG radar_conti/ClusterQuality[0m
[  9%] [34m[1mGenerating Javascript code from radar_conti/FilterStateHeader.msg[0m
[ 10%] [34m[1mGenerating Javascript code from radar_conti/VersionID.msg[0m
[ 10%] [34m[1mGenerating Python from MSG radar_conti/ClusterGeneral[0m
[ 12%] [34m[1mGenerating Javascript code from radar_conti/ObjectExtended.msg[0m
[ 13%] [34m[1mGenerating Javascript code from radar_conti/Cluster.msg[0m
[ 14%] [34m[1mGenerating Python from MSG radar_conti/RadarState[0m
[ 14%] [34m[1mGenerating Javascript code from radar_conti/ObjectGeneral.msg[0m
[ 15%] [34m[1mGenerating Python from MSG radar_conti/Object[0m
[ 16%] [34m[1mGenerating Javascript code from radar_conti/ObjectStatus.msg[0m
[ 17%] [34m[1mGenerating Javascript code from radar_conti/ClusterList.msg[0m
[ 18%] [34m[1mGenerating Python from MSG radar_conti/FilterStateHeader[0m
[ 19%] [34m[1mGenerating Python from MSG radar_conti/VersionID[0m
[ 20%] [34m[1mGenerating Javascript code from radar_conti/RadarConfiguration.msg[0m
[ 21%] [34m[1mGenerating Javascript code from radar_conti/ObjectQuality.msg[0m
[ 23%] [34m[1mGenerating Python from MSG radar_conti/ObjectExtended[0m
[ 23%] [34m[1mGenerating Python from MSG radar_conti/Cluster[0m
[ 24%] [34m[1mGenerating Javascript code from radar_conti/CollisonList.msg[0m
[ 25%] [34m[1mGenerating Python from MSG radar_conti/ObjectGeneral[0m
[ 26%] [34m[1mGenerating Python from MSG radar_conti/ObjectStatus[0m
[ 26%] [34m[1mGenerating Javascript code from radar_conti/FilterStateCfg.msg[0m
[ 27%] [34m[1mGenerating Javascript code from radar_conti/FilterCfg.msg[0m
[ 28%] [34m[1mGenerating Python from MSG radar_conti/ClusterList[0m
[ 29%] [34m[1mGenerating Python from MSG radar_conti/RadarConfiguration[0m
[ 30%] [34m[1mGenerating Javascript code from radar_conti/Frame.msg[0m
[ 31%] [34m[1mGenerating Javascript code from radar_conti/ClusterStatus.msg[0m
[ 32%] [34m[1mGenerating Python from MSG radar_conti/ObjectQuality[0m
[ 34%] [34m[1mGenerating Python from MSG radar_conti/CollisonList[0m
[ 34%] Built target radar_conti_generate_messages_nodejs
[35m[1mScanning dependencies of target radar_conti_generate_messages_cpp[0m
[ 35%] [34m[1mGenerating C++ code from radar_conti/CollisonObj.msg[0m
[ 36%] [34m[1mGenerating C++ code from radar_conti/ObjectList.msg[0m
[ 36%] [34m[1mGenerating Python from MSG radar_conti/FilterStateCfg[0m
[ 37%] [34m[1mGenerating Python from MSG radar_conti/FilterCfg[0m
[ 38%] [34m[1mGenerating C++ code from radar_conti/ClusterQuality.msg[0m
[35m[1mScanning dependencies of target radar_conti_generate_messages_eus[0m
[ 39%] [34m[1mGenerating EusLisp code from radar_conti/CollisonObj.msg[0m
[ 40%] [34m[1mGenerating EusLisp code from radar_conti/ObjectList.msg[0m
[ 41%] [34m[1mGenerating Python from MSG radar_conti/Frame[0m
[ 42%] [34m[1mGenerating C++ code from radar_conti/ClusterGeneral.msg[0m
[ 43%] [34m[1mGenerating EusLisp code from radar_conti/ClusterQuality.msg[0m
[ 45%] [34m[1mGenerating Python from MSG radar_conti/ClusterStatus[0m
[ 46%] [34m[1mGenerating EusLisp code from radar_conti/ClusterGeneral.msg[0m
[ 47%] [34m[1mGenerating Python msg __init__.py for radar_conti[0m
[ 48%] [34m[1mGenerating C++ code from radar_conti/RadarState.msg[0m
[ 49%] [34m[1mGenerating EusLisp code from radar_conti/RadarState.msg[0m
[ 49%] Built target radar_conti_generate_messages_py
[ 49%] [34m[1mGenerating EusLisp code from radar_conti/Object.msg[0m
[ 50%] [34m[1mGenerating EusLisp code from radar_conti/FilterStateHeader.msg[0m
[ 50%] [34m[1mGenerating C++ code from radar_conti/Object.msg[0m
[ 51%] [34m[1mGenerating EusLisp code from radar_conti/VersionID.msg[0m
[ 52%] [34m[1mGenerating C++ code from radar_conti/FilterStateHeader.msg[0m
[ 53%] [34m[1mGenerating EusLisp code from radar_conti/ObjectExtended.msg[0m
[ 54%] [34m[1mGenerating EusLisp code from radar_conti/Cluster.msg[0m
[ 56%] [34m[1mGenerating C++ code from radar_conti/VersionID.msg[0m
[ 57%] [34m[1mGenerating EusLisp code from radar_conti/ObjectGeneral.msg[0m
[ 57%] [34m[1mGenerating EusLisp code from radar_conti/ObjectStatus.msg[0m
[ 58%] [34m[1mGenerating C++ code from radar_conti/ObjectExtended.msg[0m
[35m[1mScanning dependencies of target radar_conti_generate_messages_lisp[0m
[ 59%] [34m[1mGenerating Lisp code from radar_conti/CollisonObj.msg[0m
[ 60%] [34m[1mGenerating EusLisp code from radar_conti/ClusterList.msg[0m
[ 61%] [34m[1mGenerating Lisp code from radar_conti/ObjectList.msg[0m
[ 62%] [34m[1mGenerating EusLisp code from radar_conti/RadarConfiguration.msg[0m
[ 63%] [34m[1mGenerating C++ code from radar_conti/Cluster.msg[0m
[ 64%] [34m[1mGenerating Lisp code from radar_conti/ClusterQuality.msg[0m
[ 67%] [34m[1mGenerating Lisp code from radar_conti/ClusterGeneral.msg[0m
[ 67%] [34m[1mGenerating EusLisp code from radar_conti/ObjectQuality.msg[0m
[ 67%] [34m[1mGenerating Lisp code from radar_conti/RadarState.msg[0m
[ 68%] [34m[1mGenerating EusLisp code from radar_conti/CollisonList.msg[0m
[ 69%] [34m[1mGenerating C++ code from radar_conti/ObjectGeneral.msg[0m
[ 70%] [34m[1mGenerating Lisp code from radar_conti/Object.msg[0m
[ 71%] [34m[1mGenerating EusLisp code from radar_conti/FilterStateCfg.msg[0m
[ 72%] [34m[1mGenerating Lisp code from radar_conti/FilterStateHeader.msg[0m
[ 73%] [34m[1mGenerating EusLisp code from radar_conti/FilterCfg.msg[0m
[ 74%] [34m[1mGenerating Lisp code from radar_conti/VersionID.msg[0m
[ 75%] [34m[1mGenerating C++ code from radar_conti/ObjectStatus.msg[0m
[ 76%] [34m[1mGenerating Lisp code from radar_conti/ObjectExtended.msg[0m
[ 76%] [34m[1mGenerating EusLisp code from radar_conti/Frame.msg[0m
[ 78%] [34m[1mGenerating Lisp code from radar_conti/Cluster.msg[0m
[ 79%] [34m[1mGenerating EusLisp code from radar_conti/ClusterStatus.msg[0m
[ 79%] [34m[1mGenerating Lisp code from radar_conti/ObjectGeneral.msg[0m
[ 80%] [34m[1mGenerating C++ code from radar_conti/ClusterList.msg[0m
[ 80%] [34m[1mGenerating Lisp code from radar_conti/ObjectStatus.msg[0m
[ 81%] [34m[1mGenerating EusLisp manifest code for radar_conti[0m
[ 82%] [34m[1mGenerating Lisp code from radar_conti/ClusterList.msg[0m
[ 83%] [34m[1mGenerating Lisp code from radar_conti/RadarConfiguration.msg[0m
[ 84%] [34m[1mGenerating Lisp code from radar_conti/ObjectQuality.msg[0m
[ 85%] [34m[1mGenerating C++ code from radar_conti/RadarConfiguration.msg[0m
[ 86%] [34m[1mGenerating Lisp code from radar_conti/CollisonList.msg[0m
[ 87%] [34m[1mGenerating Lisp code from radar_conti/FilterStateCfg.msg[0m
[ 89%] [34m[1mGenerating C++ code from radar_conti/ObjectQuality.msg[0m
[ 89%] [34m[1mGenerating Lisp code from radar_conti/FilterCfg.msg[0m
[ 90%] [34m[1mGenerating Lisp code from radar_conti/Frame.msg[0m
[ 91%] [34m[1mGenerating Lisp code from radar_conti/ClusterStatus.msg[0m
[ 92%] [34m[1mGenerating C++ code from radar_conti/CollisonList.msg[0m
[ 92%] Built target radar_conti_generate_messages_eus
[ 92%] Built target radar_conti_generate_messages_lisp
[35m[1mScanning dependencies of target radar_info[0m
[ 93%] [32mBuilding CXX object CMakeFiles/radar_info.dir/src/radar_info.cpp.o[0m
[ 94%] [34m[1mGenerating C++ code from radar_conti/FilterStateCfg.msg[0m
[ 95%] [34m[1mGenerating C++ code from radar_conti/FilterCfg.msg[0m
[ 95%] [34m[1mGenerating C++ code from radar_conti/Frame.msg[0m
In file included from [01m[K/home/nvidia/radar_ws/src/conti_radar_driver/src/radar_info.cpp:4:0[m[K:
[01m[K/home/nvidia/radar_ws/src/conti_radar_driver/include/visibility_control.h:43:0:[m[K [01;35m[Kwarning: [m[K"RADAR_CONTI_ARS408_RADAR_CONTI_ARS408" redefined
   #define RADAR_CONTI_ARS408_RADAR_CONTI_ARS408
 
[01m[K/home/nvidia/radar_ws/src/conti_radar_driver/include/visibility_control.h:42:0:[m[K [01;36m[Knote: [m[Kthis is the location of the previous definition
   #define RADAR_CONTI_ARS408_RADAR_CONTI_ARS408 __attribute__ ((visibility("default")))
 
[ 96%] [34m[1mGenerating C++ code from radar_conti/ClusterStatus.msg[0m
[ 96%] Built target radar_conti_generate_messages_cpp
[35m[1mScanning dependencies of target radar_conti_generate_messages[0m
[ 96%] Built target radar_conti_generate_messages
[35m[1mScanning dependencies of target radar_conti[0m
[ 97%] [32mBuilding CXX object CMakeFiles/radar_conti.dir/src/radar_conti_class.cpp.o[0m
[01m[K/home/nvidia/radar_ws/src/conti_radar_driver/src/radar_info.cpp:[m[K In function ‘[01m[Kint main(int, char**)[m[K’:
[01m[K/home/nvidia/radar_ws/src/conti_radar_driver/src/radar_info.cpp:87:40:[m[K [01;35m[Kwarning: [m[K‘[01m[Kvirtual bool can::DriverInterface::init(const string&, bool)[m[K’ is deprecated: provide settings explicitly [[01;35m[K-Wdeprecated-declarations[m[K]
         if(!radar_output->init("can1",0[01;35m[K)[m[K)
                                        [01;35m[K^[m[K
In file included from [01m[K/home/nvidia/radar_ws/src/ros_canopen/socketcan_interface/include/socketcan_interface/asio_base.h:4:0[m[K,
                 from [01m[K/home/nvidia/radar_ws/src/ros_canopen/socketcan_interface/include/socketcan_interface/socketcan.h:4[m[K,
                 from [01m[K/home/nvidia/radar_ws/src/conti_radar_driver/src/radar_info.cpp:5[m[K:
[01m[K/home/nvidia/radar_ws/src/ros_canopen/socketcan_interface/include/socketcan_interface/interface.h:180:65:[m[K [01;36m[Knote: [m[Kdeclared here
     [[deprecated("provide settings explicitly")]]  virtual bool [01;36m[Kinit[m[K(const std::string &device, bool loopback) = 0;
                                                                 [01;36m[K^~~~[m[K
[ 98%] [32m[1mLinking CXX executable /home/nvidia/radar_ws/devel/.private/radar_conti/lib/radar_conti/radar_info[0m
[ 98%] Built target radar_info
[100%] [32mBuilding CXX object CMakeFiles/radar_conti.dir/src/radar_conti_init.cpp.o[0m
[01m[K/home/nvidia/radar_ws/src/conti_radar_driver/src/radar_conti_init.cpp:[m[K In function ‘[01m[Kint main(int, char**)[m[K’:
[01m[K/home/nvidia/radar_ws/src/conti_radar_driver/src/radar_conti_init.cpp:13:34:[m[K [01;35m[Kwarning: [m[K‘[01m[Kvirtual bool can::DriverInterface::init(const string&, bool)[m[K’ is deprecated: provide settings explicitly [[01;35m[K-Wdeprecated-declarations[m[K]
     if(!driver->init(can_device,0[01;35m[K)[m[K)
                                  [01;35m[K^[m[K
In file included from [01m[K/home/nvidia/radar_ws/src/ros_canopen/socketcan_interface/include/socketcan_interface/asio_base.h:4:0[m[K,
                 from [01m[K/home/nvidia/radar_ws/src/ros_canopen/socketcan_interface/include/socketcan_interface/socketcan.h:4[m[K,
                 from [01m[K/home/nvidia/radar_ws/src/conti_radar_driver/include/radar_conti_ars408_component.hpp:9[m[K,
                 from [01m[K/home/nvidia/radar_ws/src/conti_radar_driver/src/radar_conti_init.cpp:1[m[K:
[01m[K/home/nvidia/radar_ws/src/ros_canopen/socketcan_interface/include/socketcan_interface/interface.h:180:65:[m[K [01;36m[Knote: [m[Kdeclared here
     [[deprecated("provide settings explicitly")]]  virtual bool [01;36m[Kinit[m[K(const std::string &device, bool loopback) = 0;
                                                                 [01;36m[K^~~~[m[K
[100%] [32m[1mLinking CXX executable /home/nvidia/radar_ws/devel/.private/radar_conti/lib/radar_conti/radar_conti[0m
[100%] Built target radar_conti
