Symlinking /home/nvidia/radar_ws/devel/include/radar_conti/ObjectList.h
Symlinking /home/nvidia/radar_ws/devel/include/radar_conti/FilterStateCfg.h
Symlinking /home/nvidia/radar_ws/devel/include/radar_conti/FilterStateHeader.h
Symlinking /home/nvidia/radar_ws/devel/include/radar_conti/Cluster.h
Symlinking /home/nvidia/radar_ws/devel/include/radar_conti/CollisonList.h
Symlinking /home/nvidia/radar_ws/devel/include/radar_conti/Object.h
Symlinking /home/nvidia/radar_ws/devel/include/radar_conti/ObjectExtended.h
Symlinking /home/nvidia/radar_ws/devel/include/radar_conti/ObjectStatus.h
Symlinking /home/nvidia/radar_ws/devel/include/radar_conti/ClusterQuality.h
Symlinking /home/nvidia/radar_ws/devel/include/radar_conti/RadarConfiguration.h
Symlinking /home/nvidia/radar_ws/devel/include/radar_conti/ObjectQuality.h
Symlinking /home/nvidia/radar_ws/devel/include/radar_conti/ObjectGeneral.h
Symlinking /home/nvidia/radar_ws/devel/include/radar_conti/ClusterList.h
Symlinking /home/nvidia/radar_ws/devel/include/radar_conti/RadarState.h
Symlinking /home/nvidia/radar_ws/devel/include/radar_conti/ClusterGeneral.h
Symlinking /home/nvidia/radar_ws/devel/include/radar_conti/FilterCfg.h
Symlinking /home/nvidia/radar_ws/devel/include/radar_conti/ClusterStatus.h
Symlinking /home/nvidia/radar_ws/devel/include/radar_conti/CollisonObj.h
Symlinking /home/nvidia/radar_ws/devel/include/radar_conti/Frame.h
Symlinking /home/nvidia/radar_ws/devel/include/radar_conti/VersionID.h
Symlinking /home/nvidia/radar_ws/devel/share/gennodejs/ros/radar_conti/_index.js
Symlinking /home/nvidia/radar_ws/devel/share/gennodejs/ros/radar_conti/msg/ObjectGeneral.js
Symlinking /home/nvidia/radar_ws/devel/share/gennodejs/ros/radar_conti/msg/ClusterList.js
Symlinking /home/nvidia/radar_ws/devel/share/gennodejs/ros/radar_conti/msg/RadarConfiguration.js
Symlinking /home/nvidia/radar_ws/devel/share/gennodejs/ros/radar_conti/msg/ClusterStatus.js
Symlinking /home/nvidia/radar_ws/devel/share/gennodejs/ros/radar_conti/msg/_index.js
Symlinking /home/nvidia/radar_ws/devel/share/gennodejs/ros/radar_conti/msg/ObjectList.js
Symlinking /home/nvidia/radar_ws/devel/share/gennodejs/ros/radar_conti/msg/Frame.js
Symlinking /home/nvidia/radar_ws/devel/share/gennodejs/ros/radar_conti/msg/Object.js
Symlinking /home/nvidia/radar_ws/devel/share/gennodejs/ros/radar_conti/msg/ClusterGeneral.js
Symlinking /home/nvidia/radar_ws/devel/share/gennodejs/ros/radar_conti/msg/VersionID.js
Symlinking /home/nvidia/radar_ws/devel/share/gennodejs/ros/radar_conti/msg/CollisonList.js
Symlinking /home/nvidia/radar_ws/devel/share/gennodejs/ros/radar_conti/msg/FilterCfg.js
Symlinking /home/nvidia/radar_ws/devel/share/gennodejs/ros/radar_conti/msg/FilterStateHeader.js
Symlinking /home/nvidia/radar_ws/devel/share/gennodejs/ros/radar_conti/msg/ObjectQuality.js
Symlinking /home/nvidia/radar_ws/devel/share/gennodejs/ros/radar_conti/msg/FilterStateCfg.js
Symlinking /home/nvidia/radar_ws/devel/share/gennodejs/ros/radar_conti/msg/RadarState.js
Symlinking /home/nvidia/radar_ws/devel/share/gennodejs/ros/radar_conti/msg/Cluster.js
Symlinking /home/nvidia/radar_ws/devel/share/gennodejs/ros/radar_conti/msg/ObjectExtended.js
Symlinking /home/nvidia/radar_ws/devel/share/gennodejs/ros/radar_conti/msg/CollisonObj.js
Symlinking /home/nvidia/radar_ws/devel/share/gennodejs/ros/radar_conti/msg/ObjectStatus.js
Symlinking /home/nvidia/radar_ws/devel/share/gennodejs/ros/radar_conti/msg/ClusterQuality.js
Symlinking /home/nvidia/radar_ws/devel/share/common-lisp/ros/radar_conti/msg/_package_RadarState.lisp
Symlinking /home/nvidia/radar_ws/devel/share/common-lisp/ros/radar_conti/msg/_package_FilterCfg.lisp
Symlinking /home/nvidia/radar_ws/devel/share/common-lisp/ros/radar_conti/msg/RadarState.lisp
Symlinking /home/nvidia/radar_ws/devel/share/common-lisp/ros/radar_conti/msg/FilterCfg.lisp
Symlinking /home/nvidia/radar_ws/devel/share/common-lisp/ros/radar_conti/msg/ObjectQuality.lisp
Symlinking /home/nvidia/radar_ws/devel/share/common-lisp/ros/radar_conti/msg/RadarConfiguration.lisp
Symlinking /home/nvidia/radar_ws/devel/share/common-lisp/ros/radar_conti/msg/ObjectStatus.lisp
Symlinking /home/nvidia/radar_ws/devel/share/common-lisp/ros/radar_conti/msg/ClusterList.lisp
Symlinking /home/nvidia/radar_ws/devel/share/common-lisp/ros/radar_conti/msg/_package_ObjectGeneral.lisp
Symlinking /home/nvidia/radar_ws/devel/share/common-lisp/ros/radar_conti/msg/_package_ClusterStatus.lisp
Symlinking /home/nvidia/radar_ws/devel/share/common-lisp/ros/radar_conti/msg/FilterStateHeader.lisp
Symlinking /home/nvidia/radar_ws/devel/share/common-lisp/ros/radar_conti/msg/ObjectGeneral.lisp
Symlinking /home/nvidia/radar_ws/devel/share/common-lisp/ros/radar_conti/msg/ClusterQuality.lisp
Symlinking /home/nvidia/radar_ws/devel/share/common-lisp/ros/radar_conti/msg/_package_RadarConfiguration.lisp
Symlinking /home/nvidia/radar_ws/devel/share/common-lisp/ros/radar_conti/msg/_package_Object.lisp
Symlinking /home/nvidia/radar_ws/devel/share/common-lisp/ros/radar_conti/msg/_package_ClusterQuality.lisp
Symlinking /home/nvidia/radar_ws/devel/share/common-lisp/ros/radar_conti/msg/_package_ObjectQuality.lisp
Symlinking /home/nvidia/radar_ws/devel/share/common-lisp/ros/radar_conti/msg/_package_ObjectExtended.lisp
Symlinking /home/nvidia/radar_ws/devel/share/common-lisp/ros/radar_conti/msg/_package_ObjectStatus.lisp
Symlinking /home/nvidia/radar_ws/devel/share/common-lisp/ros/radar_conti/msg/ObjectList.lisp
Symlinking /home/nvidia/radar_ws/devel/share/common-lisp/ros/radar_conti/msg/_package_VersionID.lisp
Symlinking /home/nvidia/radar_ws/devel/share/common-lisp/ros/radar_conti/msg/ClusterStatus.lisp
Symlinking /home/nvidia/radar_ws/devel/share/common-lisp/ros/radar_conti/msg/_package_CollisonObj.lisp
Symlinking /home/nvidia/radar_ws/devel/share/common-lisp/ros/radar_conti/msg/radar_conti-msg.asd
Symlinking /home/nvidia/radar_ws/devel/share/common-lisp/ros/radar_conti/msg/_package_ObjectList.lisp
Symlinking /home/nvidia/radar_ws/devel/share/common-lisp/ros/radar_conti/msg/_package_CollisonList.lisp
Symlinking /home/nvidia/radar_ws/devel/share/common-lisp/ros/radar_conti/msg/_package.lisp
Symlinking /home/nvidia/radar_ws/devel/share/common-lisp/ros/radar_conti/msg/_package_FilterStateHeader.lisp
Symlinking /home/nvidia/radar_ws/devel/share/common-lisp/ros/radar_conti/msg/Cluster.lisp
Symlinking /home/nvidia/radar_ws/devel/share/common-lisp/ros/radar_conti/msg/Frame.lisp
Symlinking /home/nvidia/radar_ws/devel/share/common-lisp/ros/radar_conti/msg/CollisonList.lisp
Symlinking /home/nvidia/radar_ws/devel/share/common-lisp/ros/radar_conti/msg/CollisonObj.lisp
Symlinking /home/nvidia/radar_ws/devel/share/common-lisp/ros/radar_conti/msg/Object.lisp
Symlinking /home/nvidia/radar_ws/devel/share/common-lisp/ros/radar_conti/msg/_package_Cluster.lisp
Symlinking /home/nvidia/radar_ws/devel/share/common-lisp/ros/radar_conti/msg/ClusterGeneral.lisp
Symlinking /home/nvidia/radar_ws/devel/share/common-lisp/ros/radar_conti/msg/_package_Frame.lisp
Symlinking /home/nvidia/radar_ws/devel/share/common-lisp/ros/radar_conti/msg/_package_ClusterGeneral.lisp
Symlinking /home/nvidia/radar_ws/devel/share/common-lisp/ros/radar_conti/msg/_package_FilterStateCfg.lisp
Symlinking /home/nvidia/radar_ws/devel/share/common-lisp/ros/radar_conti/msg/_package_ClusterList.lisp
Symlinking /home/nvidia/radar_ws/devel/share/common-lisp/ros/radar_conti/msg/VersionID.lisp
Symlinking /home/nvidia/radar_ws/devel/share/common-lisp/ros/radar_conti/msg/FilterStateCfg.lisp
Symlinking /home/nvidia/radar_ws/devel/share/common-lisp/ros/radar_conti/msg/ObjectExtended.lisp
Symlinking /home/nvidia/radar_ws/devel/share/radar_conti/cmake/radar_conti-msg-paths.cmake
Symlinking /home/nvidia/radar_ws/devel/share/radar_conti/cmake/radar_contiConfig.cmake
Symlinking /home/nvidia/radar_ws/devel/share/radar_conti/cmake/radar_conti-msg-extras.cmake
Symlinking /home/nvidia/radar_ws/devel/share/radar_conti/cmake/radar_contiConfig-version.cmake
Symlinking /home/nvidia/radar_ws/devel/share/roseus/ros/radar_conti/manifest.l
Symlinking /home/nvidia/radar_ws/devel/share/roseus/ros/radar_conti/msg/VersionID.l
Symlinking /home/nvidia/radar_ws/devel/share/roseus/ros/radar_conti/msg/Object.l
Symlinking /home/nvidia/radar_ws/devel/share/roseus/ros/radar_conti/msg/FilterCfg.l
Symlinking /home/nvidia/radar_ws/devel/share/roseus/ros/radar_conti/msg/CollisonObj.l
Symlinking /home/nvidia/radar_ws/devel/share/roseus/ros/radar_conti/msg/CollisonList.l
Symlinking /home/nvidia/radar_ws/devel/share/roseus/ros/radar_conti/msg/ObjectList.l
Symlinking /home/nvidia/radar_ws/devel/share/roseus/ros/radar_conti/msg/ClusterList.l
Symlinking /home/nvidia/radar_ws/devel/share/roseus/ros/radar_conti/msg/ObjectStatus.l
Symlinking /home/nvidia/radar_ws/devel/share/roseus/ros/radar_conti/msg/FilterStateHeader.l
Symlinking /home/nvidia/radar_ws/devel/share/roseus/ros/radar_conti/msg/ClusterStatus.l
Symlinking /home/nvidia/radar_ws/devel/share/roseus/ros/radar_conti/msg/ClusterGeneral.l
Symlinking /home/nvidia/radar_ws/devel/share/roseus/ros/radar_conti/msg/ObjectGeneral.l
Symlinking /home/nvidia/radar_ws/devel/share/roseus/ros/radar_conti/msg/RadarState.l
Symlinking /home/nvidia/radar_ws/devel/share/roseus/ros/radar_conti/msg/ObjectExtended.l
Symlinking /home/nvidia/radar_ws/devel/share/roseus/ros/radar_conti/msg/ObjectQuality.l
Symlinking /home/nvidia/radar_ws/devel/share/roseus/ros/radar_conti/msg/FilterStateCfg.l
Symlinking /home/nvidia/radar_ws/devel/share/roseus/ros/radar_conti/msg/Cluster.l
Symlinking /home/nvidia/radar_ws/devel/share/roseus/ros/radar_conti/msg/RadarConfiguration.l
Symlinking /home/nvidia/radar_ws/devel/share/roseus/ros/radar_conti/msg/ClusterQuality.l
Symlinking /home/nvidia/radar_ws/devel/share/roseus/ros/radar_conti/msg/Frame.l
Symlinking /home/nvidia/radar_ws/devel/lib/python2.7/dist-packages/radar_conti/__init__.py
Symlinking /home/nvidia/radar_ws/devel/lib/python2.7/dist-packages/radar_conti/msg/_VersionID.py
Symlinking /home/nvidia/radar_ws/devel/lib/python2.7/dist-packages/radar_conti/msg/_ObjectGeneral.py
Symlinking /home/nvidia/radar_ws/devel/lib/python2.7/dist-packages/radar_conti/msg/_Cluster.py
Symlinking /home/nvidia/radar_ws/devel/lib/python2.7/dist-packages/radar_conti/msg/_ClusterGeneral.py
Symlinking /home/nvidia/radar_ws/devel/lib/python2.7/dist-packages/radar_conti/msg/_Object.py
Symlinking /home/nvidia/radar_ws/devel/lib/python2.7/dist-packages/radar_conti/msg/_ClusterQuality.py
Symlinking /home/nvidia/radar_ws/devel/lib/python2.7/dist-packages/radar_conti/msg/_RadarState.py
Symlinking /home/nvidia/radar_ws/devel/lib/python2.7/dist-packages/radar_conti/msg/_Frame.py
Symlinking /home/nvidia/radar_ws/devel/lib/python2.7/dist-packages/radar_conti/msg/_RadarConfiguration.py
Symlinking /home/nvidia/radar_ws/devel/lib/python2.7/dist-packages/radar_conti/msg/__init__.py
Symlinking /home/nvidia/radar_ws/devel/lib/python2.7/dist-packages/radar_conti/msg/_ObjectList.py
Symlinking /home/nvidia/radar_ws/devel/lib/python2.7/dist-packages/radar_conti/msg/_ClusterList.py
Symlinking /home/nvidia/radar_ws/devel/lib/python2.7/dist-packages/radar_conti/msg/_ObjectQuality.py
Symlinking /home/nvidia/radar_ws/devel/lib/python2.7/dist-packages/radar_conti/msg/_ObjectExtended.py
Symlinking /home/nvidia/radar_ws/devel/lib/python2.7/dist-packages/radar_conti/msg/_ObjectStatus.py
Symlinking /home/nvidia/radar_ws/devel/lib/python2.7/dist-packages/radar_conti/msg/_CollisonList.py
Symlinking /home/nvidia/radar_ws/devel/lib/python2.7/dist-packages/radar_conti/msg/_FilterStateHeader.py
Symlinking /home/nvidia/radar_ws/devel/lib/python2.7/dist-packages/radar_conti/msg/_FilterCfg.py
Symlinking /home/nvidia/radar_ws/devel/lib/python2.7/dist-packages/radar_conti/msg/_FilterStateCfg.py
Symlinking /home/nvidia/radar_ws/devel/lib/python2.7/dist-packages/radar_conti/msg/_CollisonObj.py
Symlinking /home/nvidia/radar_ws/devel/lib/python2.7/dist-packages/radar_conti/msg/_ClusterStatus.py
Symlinking /home/nvidia/radar_ws/devel/lib/pkgconfig/radar_conti.pc
Symlinking /home/nvidia/radar_ws/devel/lib/radar_conti/radar_conti
Symlinking /home/nvidia/radar_ws/devel/lib/radar_conti/radar_info
