Linked: (/home/nvidia/radar_ws/devel/.private/radar_conti/include/radar_conti/ObjectList.h, /home/nvidia/radar_ws/devel/include/radar_conti/ObjectList.h)
Linked: (/home/nvidia/radar_ws/devel/.private/radar_conti/include/radar_conti/FilterStateCfg.h, /home/nvidia/radar_ws/devel/include/radar_conti/FilterStateCfg.h)
Linked: (/home/nvidia/radar_ws/devel/.private/radar_conti/include/radar_conti/FilterStateHeader.h, /home/nvidia/radar_ws/devel/include/radar_conti/FilterStateHeader.h)
Linked: (/home/nvidia/radar_ws/devel/.private/radar_conti/include/radar_conti/Cluster.h, /home/nvidia/radar_ws/devel/include/radar_conti/Cluster.h)
Linked: (/home/nvidia/radar_ws/devel/.private/radar_conti/include/radar_conti/CollisonList.h, /home/nvidia/radar_ws/devel/include/radar_conti/CollisonList.h)
Linked: (/home/nvidia/radar_ws/devel/.private/radar_conti/include/radar_conti/Object.h, /home/nvidia/radar_ws/devel/include/radar_conti/Object.h)
Linked: (/home/nvidia/radar_ws/devel/.private/radar_conti/include/radar_conti/ObjectExtended.h, /home/nvidia/radar_ws/devel/include/radar_conti/ObjectExtended.h)
Linked: (/home/nvidia/radar_ws/devel/.private/radar_conti/include/radar_conti/ObjectStatus.h, /home/nvidia/radar_ws/devel/include/radar_conti/ObjectStatus.h)
Linked: (/home/nvidia/radar_ws/devel/.private/radar_conti/include/radar_conti/ClusterQuality.h, /home/nvidia/radar_ws/devel/include/radar_conti/ClusterQuality.h)
Linked: (/home/nvidia/radar_ws/devel/.private/radar_conti/include/radar_conti/RadarConfiguration.h, /home/nvidia/radar_ws/devel/include/radar_conti/RadarConfiguration.h)
Linked: (/home/nvidia/radar_ws/devel/.private/radar_conti/include/radar_conti/ObjectQuality.h, /home/nvidia/radar_ws/devel/include/radar_conti/ObjectQuality.h)
Linked: (/home/nvidia/radar_ws/devel/.private/radar_conti/include/radar_conti/ObjectGeneral.h, /home/nvidia/radar_ws/devel/include/radar_conti/ObjectGeneral.h)
Linked: (/home/nvidia/radar_ws/devel/.private/radar_conti/include/radar_conti/ClusterList.h, /home/nvidia/radar_ws/devel/include/radar_conti/ClusterList.h)
Linked: (/home/nvidia/radar_ws/devel/.private/radar_conti/include/radar_conti/RadarState.h, /home/nvidia/radar_ws/devel/include/radar_conti/RadarState.h)
Linked: (/home/nvidia/radar_ws/devel/.private/radar_conti/include/radar_conti/ClusterGeneral.h, /home/nvidia/radar_ws/devel/include/radar_conti/ClusterGeneral.h)
Linked: (/home/nvidia/radar_ws/devel/.private/radar_conti/include/radar_conti/FilterCfg.h, /home/nvidia/radar_ws/devel/include/radar_conti/FilterCfg.h)
Linked: (/home/nvidia/radar_ws/devel/.private/radar_conti/include/radar_conti/ClusterStatus.h, /home/nvidia/radar_ws/devel/include/radar_conti/ClusterStatus.h)
Linked: (/home/nvidia/radar_ws/devel/.private/radar_conti/include/radar_conti/CollisonObj.h, /home/nvidia/radar_ws/devel/include/radar_conti/CollisonObj.h)
Linked: (/home/nvidia/radar_ws/devel/.private/radar_conti/include/radar_conti/Frame.h, /home/nvidia/radar_ws/devel/include/radar_conti/Frame.h)
Linked: (/home/nvidia/radar_ws/devel/.private/radar_conti/include/radar_conti/VersionID.h, /home/nvidia/radar_ws/devel/include/radar_conti/VersionID.h)
Linked: (/home/nvidia/radar_ws/devel/.private/radar_conti/share/gennodejs/ros/radar_conti/_index.js, /home/nvidia/radar_ws/devel/share/gennodejs/ros/radar_conti/_index.js)
Linked: (/home/nvidia/radar_ws/devel/.private/radar_conti/share/gennodejs/ros/radar_conti/msg/ObjectGeneral.js, /home/nvidia/radar_ws/devel/share/gennodejs/ros/radar_conti/msg/ObjectGeneral.js)
Linked: (/home/nvidia/radar_ws/devel/.private/radar_conti/share/gennodejs/ros/radar_conti/msg/ClusterList.js, /home/nvidia/radar_ws/devel/share/gennodejs/ros/radar_conti/msg/ClusterList.js)
Linked: (/home/nvidia/radar_ws/devel/.private/radar_conti/share/gennodejs/ros/radar_conti/msg/RadarConfiguration.js, /home/nvidia/radar_ws/devel/share/gennodejs/ros/radar_conti/msg/RadarConfiguration.js)
Linked: (/home/nvidia/radar_ws/devel/.private/radar_conti/share/gennodejs/ros/radar_conti/msg/ClusterStatus.js, /home/nvidia/radar_ws/devel/share/gennodejs/ros/radar_conti/msg/ClusterStatus.js)
Linked: (/home/nvidia/radar_ws/devel/.private/radar_conti/share/gennodejs/ros/radar_conti/msg/_index.js, /home/nvidia/radar_ws/devel/share/gennodejs/ros/radar_conti/msg/_index.js)
Linked: (/home/nvidia/radar_ws/devel/.private/radar_conti/share/gennodejs/ros/radar_conti/msg/ObjectList.js, /home/nvidia/radar_ws/devel/share/gennodejs/ros/radar_conti/msg/ObjectList.js)
Linked: (/home/nvidia/radar_ws/devel/.private/radar_conti/share/gennodejs/ros/radar_conti/msg/Frame.js, /home/nvidia/radar_ws/devel/share/gennodejs/ros/radar_conti/msg/Frame.js)
Linked: (/home/nvidia/radar_ws/devel/.private/radar_conti/share/gennodejs/ros/radar_conti/msg/Object.js, /home/nvidia/radar_ws/devel/share/gennodejs/ros/radar_conti/msg/Object.js)
Linked: (/home/nvidia/radar_ws/devel/.private/radar_conti/share/gennodejs/ros/radar_conti/msg/ClusterGeneral.js, /home/nvidia/radar_ws/devel/share/gennodejs/ros/radar_conti/msg/ClusterGeneral.js)
Linked: (/home/nvidia/radar_ws/devel/.private/radar_conti/share/gennodejs/ros/radar_conti/msg/VersionID.js, /home/nvidia/radar_ws/devel/share/gennodejs/ros/radar_conti/msg/VersionID.js)
Linked: (/home/nvidia/radar_ws/devel/.private/radar_conti/share/gennodejs/ros/radar_conti/msg/CollisonList.js, /home/nvidia/radar_ws/devel/share/gennodejs/ros/radar_conti/msg/CollisonList.js)
Linked: (/home/nvidia/radar_ws/devel/.private/radar_conti/share/gennodejs/ros/radar_conti/msg/FilterCfg.js, /home/nvidia/radar_ws/devel/share/gennodejs/ros/radar_conti/msg/FilterCfg.js)
Linked: (/home/nvidia/radar_ws/devel/.private/radar_conti/share/gennodejs/ros/radar_conti/msg/FilterStateHeader.js, /home/nvidia/radar_ws/devel/share/gennodejs/ros/radar_conti/msg/FilterStateHeader.js)
Linked: (/home/nvidia/radar_ws/devel/.private/radar_conti/share/gennodejs/ros/radar_conti/msg/ObjectQuality.js, /home/nvidia/radar_ws/devel/share/gennodejs/ros/radar_conti/msg/ObjectQuality.js)
Linked: (/home/nvidia/radar_ws/devel/.private/radar_conti/share/gennodejs/ros/radar_conti/msg/FilterStateCfg.js, /home/nvidia/radar_ws/devel/share/gennodejs/ros/radar_conti/msg/FilterStateCfg.js)
Linked: (/home/nvidia/radar_ws/devel/.private/radar_conti/share/gennodejs/ros/radar_conti/msg/RadarState.js, /home/nvidia/radar_ws/devel/share/gennodejs/ros/radar_conti/msg/RadarState.js)
Linked: (/home/nvidia/radar_ws/devel/.private/radar_conti/share/gennodejs/ros/radar_conti/msg/Cluster.js, /home/nvidia/radar_ws/devel/share/gennodejs/ros/radar_conti/msg/Cluster.js)
Linked: (/home/nvidia/radar_ws/devel/.private/radar_conti/share/gennodejs/ros/radar_conti/msg/ObjectExtended.js, /home/nvidia/radar_ws/devel/share/gennodejs/ros/radar_conti/msg/ObjectExtended.js)
Linked: (/home/nvidia/radar_ws/devel/.private/radar_conti/share/gennodejs/ros/radar_conti/msg/CollisonObj.js, /home/nvidia/radar_ws/devel/share/gennodejs/ros/radar_conti/msg/CollisonObj.js)
Linked: (/home/nvidia/radar_ws/devel/.private/radar_conti/share/gennodejs/ros/radar_conti/msg/ObjectStatus.js, /home/nvidia/radar_ws/devel/share/gennodejs/ros/radar_conti/msg/ObjectStatus.js)
Linked: (/home/nvidia/radar_ws/devel/.private/radar_conti/share/gennodejs/ros/radar_conti/msg/ClusterQuality.js, /home/nvidia/radar_ws/devel/share/gennodejs/ros/radar_conti/msg/ClusterQuality.js)
Linked: (/home/nvidia/radar_ws/devel/.private/radar_conti/share/common-lisp/ros/radar_conti/msg/_package_RadarState.lisp, /home/nvidia/radar_ws/devel/share/common-lisp/ros/radar_conti/msg/_package_RadarState.lisp)
Linked: (/home/nvidia/radar_ws/devel/.private/radar_conti/share/common-lisp/ros/radar_conti/msg/_package_FilterCfg.lisp, /home/nvidia/radar_ws/devel/share/common-lisp/ros/radar_conti/msg/_package_FilterCfg.lisp)
Linked: (/home/nvidia/radar_ws/devel/.private/radar_conti/share/common-lisp/ros/radar_conti/msg/RadarState.lisp, /home/nvidia/radar_ws/devel/share/common-lisp/ros/radar_conti/msg/RadarState.lisp)
Linked: (/home/nvidia/radar_ws/devel/.private/radar_conti/share/common-lisp/ros/radar_conti/msg/FilterCfg.lisp, /home/nvidia/radar_ws/devel/share/common-lisp/ros/radar_conti/msg/FilterCfg.lisp)
Linked: (/home/nvidia/radar_ws/devel/.private/radar_conti/share/common-lisp/ros/radar_conti/msg/ObjectQuality.lisp, /home/nvidia/radar_ws/devel/share/common-lisp/ros/radar_conti/msg/ObjectQuality.lisp)
Linked: (/home/nvidia/radar_ws/devel/.private/radar_conti/share/common-lisp/ros/radar_conti/msg/RadarConfiguration.lisp, /home/nvidia/radar_ws/devel/share/common-lisp/ros/radar_conti/msg/RadarConfiguration.lisp)
Linked: (/home/nvidia/radar_ws/devel/.private/radar_conti/share/common-lisp/ros/radar_conti/msg/ObjectStatus.lisp, /home/nvidia/radar_ws/devel/share/common-lisp/ros/radar_conti/msg/ObjectStatus.lisp)
Linked: (/home/nvidia/radar_ws/devel/.private/radar_conti/share/common-lisp/ros/radar_conti/msg/ClusterList.lisp, /home/nvidia/radar_ws/devel/share/common-lisp/ros/radar_conti/msg/ClusterList.lisp)
Linked: (/home/nvidia/radar_ws/devel/.private/radar_conti/share/common-lisp/ros/radar_conti/msg/_package_ObjectGeneral.lisp, /home/nvidia/radar_ws/devel/share/common-lisp/ros/radar_conti/msg/_package_ObjectGeneral.lisp)
Linked: (/home/nvidia/radar_ws/devel/.private/radar_conti/share/common-lisp/ros/radar_conti/msg/_package_ClusterStatus.lisp, /home/nvidia/radar_ws/devel/share/common-lisp/ros/radar_conti/msg/_package_ClusterStatus.lisp)
Linked: (/home/nvidia/radar_ws/devel/.private/radar_conti/share/common-lisp/ros/radar_conti/msg/FilterStateHeader.lisp, /home/nvidia/radar_ws/devel/share/common-lisp/ros/radar_conti/msg/FilterStateHeader.lisp)
Linked: (/home/nvidia/radar_ws/devel/.private/radar_conti/share/common-lisp/ros/radar_conti/msg/ObjectGeneral.lisp, /home/nvidia/radar_ws/devel/share/common-lisp/ros/radar_conti/msg/ObjectGeneral.lisp)
Linked: (/home/nvidia/radar_ws/devel/.private/radar_conti/share/common-lisp/ros/radar_conti/msg/ClusterQuality.lisp, /home/nvidia/radar_ws/devel/share/common-lisp/ros/radar_conti/msg/ClusterQuality.lisp)
Linked: (/home/nvidia/radar_ws/devel/.private/radar_conti/share/common-lisp/ros/radar_conti/msg/_package_RadarConfiguration.lisp, /home/nvidia/radar_ws/devel/share/common-lisp/ros/radar_conti/msg/_package_RadarConfiguration.lisp)
Linked: (/home/nvidia/radar_ws/devel/.private/radar_conti/share/common-lisp/ros/radar_conti/msg/_package_Object.lisp, /home/nvidia/radar_ws/devel/share/common-lisp/ros/radar_conti/msg/_package_Object.lisp)
Linked: (/home/nvidia/radar_ws/devel/.private/radar_conti/share/common-lisp/ros/radar_conti/msg/_package_ClusterQuality.lisp, /home/nvidia/radar_ws/devel/share/common-lisp/ros/radar_conti/msg/_package_ClusterQuality.lisp)
Linked: (/home/nvidia/radar_ws/devel/.private/radar_conti/share/common-lisp/ros/radar_conti/msg/_package_ObjectQuality.lisp, /home/nvidia/radar_ws/devel/share/common-lisp/ros/radar_conti/msg/_package_ObjectQuality.lisp)
Linked: (/home/nvidia/radar_ws/devel/.private/radar_conti/share/common-lisp/ros/radar_conti/msg/_package_ObjectExtended.lisp, /home/nvidia/radar_ws/devel/share/common-lisp/ros/radar_conti/msg/_package_ObjectExtended.lisp)
Linked: (/home/nvidia/radar_ws/devel/.private/radar_conti/share/common-lisp/ros/radar_conti/msg/_package_ObjectStatus.lisp, /home/nvidia/radar_ws/devel/share/common-lisp/ros/radar_conti/msg/_package_ObjectStatus.lisp)
Linked: (/home/nvidia/radar_ws/devel/.private/radar_conti/share/common-lisp/ros/radar_conti/msg/ObjectList.lisp, /home/nvidia/radar_ws/devel/share/common-lisp/ros/radar_conti/msg/ObjectList.lisp)
Linked: (/home/nvidia/radar_ws/devel/.private/radar_conti/share/common-lisp/ros/radar_conti/msg/_package_VersionID.lisp, /home/nvidia/radar_ws/devel/share/common-lisp/ros/radar_conti/msg/_package_VersionID.lisp)
Linked: (/home/nvidia/radar_ws/devel/.private/radar_conti/share/common-lisp/ros/radar_conti/msg/ClusterStatus.lisp, /home/nvidia/radar_ws/devel/share/common-lisp/ros/radar_conti/msg/ClusterStatus.lisp)
Linked: (/home/nvidia/radar_ws/devel/.private/radar_conti/share/common-lisp/ros/radar_conti/msg/_package_CollisonObj.lisp, /home/nvidia/radar_ws/devel/share/common-lisp/ros/radar_conti/msg/_package_CollisonObj.lisp)
Linked: (/home/nvidia/radar_ws/devel/.private/radar_conti/share/common-lisp/ros/radar_conti/msg/radar_conti-msg.asd, /home/nvidia/radar_ws/devel/share/common-lisp/ros/radar_conti/msg/radar_conti-msg.asd)
Linked: (/home/nvidia/radar_ws/devel/.private/radar_conti/share/common-lisp/ros/radar_conti/msg/_package_ObjectList.lisp, /home/nvidia/radar_ws/devel/share/common-lisp/ros/radar_conti/msg/_package_ObjectList.lisp)
Linked: (/home/nvidia/radar_ws/devel/.private/radar_conti/share/common-lisp/ros/radar_conti/msg/_package_CollisonList.lisp, /home/nvidia/radar_ws/devel/share/common-lisp/ros/radar_conti/msg/_package_CollisonList.lisp)
Linked: (/home/nvidia/radar_ws/devel/.private/radar_conti/share/common-lisp/ros/radar_conti/msg/_package.lisp, /home/nvidia/radar_ws/devel/share/common-lisp/ros/radar_conti/msg/_package.lisp)
Linked: (/home/nvidia/radar_ws/devel/.private/radar_conti/share/common-lisp/ros/radar_conti/msg/_package_FilterStateHeader.lisp, /home/nvidia/radar_ws/devel/share/common-lisp/ros/radar_conti/msg/_package_FilterStateHeader.lisp)
Linked: (/home/nvidia/radar_ws/devel/.private/radar_conti/share/common-lisp/ros/radar_conti/msg/Cluster.lisp, /home/nvidia/radar_ws/devel/share/common-lisp/ros/radar_conti/msg/Cluster.lisp)
Linked: (/home/nvidia/radar_ws/devel/.private/radar_conti/share/common-lisp/ros/radar_conti/msg/Frame.lisp, /home/nvidia/radar_ws/devel/share/common-lisp/ros/radar_conti/msg/Frame.lisp)
Linked: (/home/nvidia/radar_ws/devel/.private/radar_conti/share/common-lisp/ros/radar_conti/msg/CollisonList.lisp, /home/nvidia/radar_ws/devel/share/common-lisp/ros/radar_conti/msg/CollisonList.lisp)
Linked: (/home/nvidia/radar_ws/devel/.private/radar_conti/share/common-lisp/ros/radar_conti/msg/CollisonObj.lisp, /home/nvidia/radar_ws/devel/share/common-lisp/ros/radar_conti/msg/CollisonObj.lisp)
Linked: (/home/nvidia/radar_ws/devel/.private/radar_conti/share/common-lisp/ros/radar_conti/msg/Object.lisp, /home/nvidia/radar_ws/devel/share/common-lisp/ros/radar_conti/msg/Object.lisp)
Linked: (/home/nvidia/radar_ws/devel/.private/radar_conti/share/common-lisp/ros/radar_conti/msg/_package_Cluster.lisp, /home/nvidia/radar_ws/devel/share/common-lisp/ros/radar_conti/msg/_package_Cluster.lisp)
Linked: (/home/nvidia/radar_ws/devel/.private/radar_conti/share/common-lisp/ros/radar_conti/msg/ClusterGeneral.lisp, /home/nvidia/radar_ws/devel/share/common-lisp/ros/radar_conti/msg/ClusterGeneral.lisp)
Linked: (/home/nvidia/radar_ws/devel/.private/radar_conti/share/common-lisp/ros/radar_conti/msg/_package_Frame.lisp, /home/nvidia/radar_ws/devel/share/common-lisp/ros/radar_conti/msg/_package_Frame.lisp)
Linked: (/home/nvidia/radar_ws/devel/.private/radar_conti/share/common-lisp/ros/radar_conti/msg/_package_ClusterGeneral.lisp, /home/nvidia/radar_ws/devel/share/common-lisp/ros/radar_conti/msg/_package_ClusterGeneral.lisp)
Linked: (/home/nvidia/radar_ws/devel/.private/radar_conti/share/common-lisp/ros/radar_conti/msg/_package_FilterStateCfg.lisp, /home/nvidia/radar_ws/devel/share/common-lisp/ros/radar_conti/msg/_package_FilterStateCfg.lisp)
Linked: (/home/nvidia/radar_ws/devel/.private/radar_conti/share/common-lisp/ros/radar_conti/msg/_package_ClusterList.lisp, /home/nvidia/radar_ws/devel/share/common-lisp/ros/radar_conti/msg/_package_ClusterList.lisp)
Linked: (/home/nvidia/radar_ws/devel/.private/radar_conti/share/common-lisp/ros/radar_conti/msg/VersionID.lisp, /home/nvidia/radar_ws/devel/share/common-lisp/ros/radar_conti/msg/VersionID.lisp)
Linked: (/home/nvidia/radar_ws/devel/.private/radar_conti/share/common-lisp/ros/radar_conti/msg/FilterStateCfg.lisp, /home/nvidia/radar_ws/devel/share/common-lisp/ros/radar_conti/msg/FilterStateCfg.lisp)
Linked: (/home/nvidia/radar_ws/devel/.private/radar_conti/share/common-lisp/ros/radar_conti/msg/ObjectExtended.lisp, /home/nvidia/radar_ws/devel/share/common-lisp/ros/radar_conti/msg/ObjectExtended.lisp)
Linked: (/home/nvidia/radar_ws/devel/.private/radar_conti/share/radar_conti/cmake/radar_conti-msg-paths.cmake, /home/nvidia/radar_ws/devel/share/radar_conti/cmake/radar_conti-msg-paths.cmake)
Linked: (/home/nvidia/radar_ws/devel/.private/radar_conti/share/radar_conti/cmake/radar_contiConfig.cmake, /home/nvidia/radar_ws/devel/share/radar_conti/cmake/radar_contiConfig.cmake)
Linked: (/home/nvidia/radar_ws/devel/.private/radar_conti/share/radar_conti/cmake/radar_conti-msg-extras.cmake, /home/nvidia/radar_ws/devel/share/radar_conti/cmake/radar_conti-msg-extras.cmake)
Linked: (/home/nvidia/radar_ws/devel/.private/radar_conti/share/radar_conti/cmake/radar_contiConfig-version.cmake, /home/nvidia/radar_ws/devel/share/radar_conti/cmake/radar_contiConfig-version.cmake)
Linked: (/home/nvidia/radar_ws/devel/.private/radar_conti/share/roseus/ros/radar_conti/manifest.l, /home/nvidia/radar_ws/devel/share/roseus/ros/radar_conti/manifest.l)
Linked: (/home/nvidia/radar_ws/devel/.private/radar_conti/share/roseus/ros/radar_conti/msg/VersionID.l, /home/nvidia/radar_ws/devel/share/roseus/ros/radar_conti/msg/VersionID.l)
Linked: (/home/nvidia/radar_ws/devel/.private/radar_conti/share/roseus/ros/radar_conti/msg/Object.l, /home/nvidia/radar_ws/devel/share/roseus/ros/radar_conti/msg/Object.l)
Linked: (/home/nvidia/radar_ws/devel/.private/radar_conti/share/roseus/ros/radar_conti/msg/FilterCfg.l, /home/nvidia/radar_ws/devel/share/roseus/ros/radar_conti/msg/FilterCfg.l)
Linked: (/home/nvidia/radar_ws/devel/.private/radar_conti/share/roseus/ros/radar_conti/msg/CollisonObj.l, /home/nvidia/radar_ws/devel/share/roseus/ros/radar_conti/msg/CollisonObj.l)
Linked: (/home/nvidia/radar_ws/devel/.private/radar_conti/share/roseus/ros/radar_conti/msg/CollisonList.l, /home/nvidia/radar_ws/devel/share/roseus/ros/radar_conti/msg/CollisonList.l)
Linked: (/home/nvidia/radar_ws/devel/.private/radar_conti/share/roseus/ros/radar_conti/msg/ObjectList.l, /home/nvidia/radar_ws/devel/share/roseus/ros/radar_conti/msg/ObjectList.l)
Linked: (/home/nvidia/radar_ws/devel/.private/radar_conti/share/roseus/ros/radar_conti/msg/ClusterList.l, /home/nvidia/radar_ws/devel/share/roseus/ros/radar_conti/msg/ClusterList.l)
Linked: (/home/nvidia/radar_ws/devel/.private/radar_conti/share/roseus/ros/radar_conti/msg/ObjectStatus.l, /home/nvidia/radar_ws/devel/share/roseus/ros/radar_conti/msg/ObjectStatus.l)
Linked: (/home/nvidia/radar_ws/devel/.private/radar_conti/share/roseus/ros/radar_conti/msg/FilterStateHeader.l, /home/nvidia/radar_ws/devel/share/roseus/ros/radar_conti/msg/FilterStateHeader.l)
Linked: (/home/nvidia/radar_ws/devel/.private/radar_conti/share/roseus/ros/radar_conti/msg/ClusterStatus.l, /home/nvidia/radar_ws/devel/share/roseus/ros/radar_conti/msg/ClusterStatus.l)
Linked: (/home/nvidia/radar_ws/devel/.private/radar_conti/share/roseus/ros/radar_conti/msg/ClusterGeneral.l, /home/nvidia/radar_ws/devel/share/roseus/ros/radar_conti/msg/ClusterGeneral.l)
Linked: (/home/nvidia/radar_ws/devel/.private/radar_conti/share/roseus/ros/radar_conti/msg/ObjectGeneral.l, /home/nvidia/radar_ws/devel/share/roseus/ros/radar_conti/msg/ObjectGeneral.l)
Linked: (/home/nvidia/radar_ws/devel/.private/radar_conti/share/roseus/ros/radar_conti/msg/RadarState.l, /home/nvidia/radar_ws/devel/share/roseus/ros/radar_conti/msg/RadarState.l)
Linked: (/home/nvidia/radar_ws/devel/.private/radar_conti/share/roseus/ros/radar_conti/msg/ObjectExtended.l, /home/nvidia/radar_ws/devel/share/roseus/ros/radar_conti/msg/ObjectExtended.l)
Linked: (/home/nvidia/radar_ws/devel/.private/radar_conti/share/roseus/ros/radar_conti/msg/ObjectQuality.l, /home/nvidia/radar_ws/devel/share/roseus/ros/radar_conti/msg/ObjectQuality.l)
Linked: (/home/nvidia/radar_ws/devel/.private/radar_conti/share/roseus/ros/radar_conti/msg/FilterStateCfg.l, /home/nvidia/radar_ws/devel/share/roseus/ros/radar_conti/msg/FilterStateCfg.l)
Linked: (/home/nvidia/radar_ws/devel/.private/radar_conti/share/roseus/ros/radar_conti/msg/Cluster.l, /home/nvidia/radar_ws/devel/share/roseus/ros/radar_conti/msg/Cluster.l)
Linked: (/home/nvidia/radar_ws/devel/.private/radar_conti/share/roseus/ros/radar_conti/msg/RadarConfiguration.l, /home/nvidia/radar_ws/devel/share/roseus/ros/radar_conti/msg/RadarConfiguration.l)
Linked: (/home/nvidia/radar_ws/devel/.private/radar_conti/share/roseus/ros/radar_conti/msg/ClusterQuality.l, /home/nvidia/radar_ws/devel/share/roseus/ros/radar_conti/msg/ClusterQuality.l)
Linked: (/home/nvidia/radar_ws/devel/.private/radar_conti/share/roseus/ros/radar_conti/msg/Frame.l, /home/nvidia/radar_ws/devel/share/roseus/ros/radar_conti/msg/Frame.l)
Linked: (/home/nvidia/radar_ws/devel/.private/radar_conti/lib/python2.7/dist-packages/radar_conti/__init__.py, /home/nvidia/radar_ws/devel/lib/python2.7/dist-packages/radar_conti/__init__.py)
Linked: (/home/nvidia/radar_ws/devel/.private/radar_conti/lib/python2.7/dist-packages/radar_conti/msg/_VersionID.py, /home/nvidia/radar_ws/devel/lib/python2.7/dist-packages/radar_conti/msg/_VersionID.py)
Linked: (/home/nvidia/radar_ws/devel/.private/radar_conti/lib/python2.7/dist-packages/radar_conti/msg/_ObjectGeneral.py, /home/nvidia/radar_ws/devel/lib/python2.7/dist-packages/radar_conti/msg/_ObjectGeneral.py)
Linked: (/home/nvidia/radar_ws/devel/.private/radar_conti/lib/python2.7/dist-packages/radar_conti/msg/_Cluster.py, /home/nvidia/radar_ws/devel/lib/python2.7/dist-packages/radar_conti/msg/_Cluster.py)
Linked: (/home/nvidia/radar_ws/devel/.private/radar_conti/lib/python2.7/dist-packages/radar_conti/msg/_ClusterGeneral.py, /home/nvidia/radar_ws/devel/lib/python2.7/dist-packages/radar_conti/msg/_ClusterGeneral.py)
Linked: (/home/nvidia/radar_ws/devel/.private/radar_conti/lib/python2.7/dist-packages/radar_conti/msg/_Object.py, /home/nvidia/radar_ws/devel/lib/python2.7/dist-packages/radar_conti/msg/_Object.py)
Linked: (/home/nvidia/radar_ws/devel/.private/radar_conti/lib/python2.7/dist-packages/radar_conti/msg/_ClusterQuality.py, /home/nvidia/radar_ws/devel/lib/python2.7/dist-packages/radar_conti/msg/_ClusterQuality.py)
Linked: (/home/nvidia/radar_ws/devel/.private/radar_conti/lib/python2.7/dist-packages/radar_conti/msg/_RadarState.py, /home/nvidia/radar_ws/devel/lib/python2.7/dist-packages/radar_conti/msg/_RadarState.py)
Linked: (/home/nvidia/radar_ws/devel/.private/radar_conti/lib/python2.7/dist-packages/radar_conti/msg/_Frame.py, /home/nvidia/radar_ws/devel/lib/python2.7/dist-packages/radar_conti/msg/_Frame.py)
Linked: (/home/nvidia/radar_ws/devel/.private/radar_conti/lib/python2.7/dist-packages/radar_conti/msg/_RadarConfiguration.py, /home/nvidia/radar_ws/devel/lib/python2.7/dist-packages/radar_conti/msg/_RadarConfiguration.py)
Linked: (/home/nvidia/radar_ws/devel/.private/radar_conti/lib/python2.7/dist-packages/radar_conti/msg/__init__.py, /home/nvidia/radar_ws/devel/lib/python2.7/dist-packages/radar_conti/msg/__init__.py)
Linked: (/home/nvidia/radar_ws/devel/.private/radar_conti/lib/python2.7/dist-packages/radar_conti/msg/_ObjectList.py, /home/nvidia/radar_ws/devel/lib/python2.7/dist-packages/radar_conti/msg/_ObjectList.py)
Linked: (/home/nvidia/radar_ws/devel/.private/radar_conti/lib/python2.7/dist-packages/radar_conti/msg/_ClusterList.py, /home/nvidia/radar_ws/devel/lib/python2.7/dist-packages/radar_conti/msg/_ClusterList.py)
Linked: (/home/nvidia/radar_ws/devel/.private/radar_conti/lib/python2.7/dist-packages/radar_conti/msg/_ObjectQuality.py, /home/nvidia/radar_ws/devel/lib/python2.7/dist-packages/radar_conti/msg/_ObjectQuality.py)
Linked: (/home/nvidia/radar_ws/devel/.private/radar_conti/lib/python2.7/dist-packages/radar_conti/msg/_ObjectExtended.py, /home/nvidia/radar_ws/devel/lib/python2.7/dist-packages/radar_conti/msg/_ObjectExtended.py)
Linked: (/home/nvidia/radar_ws/devel/.private/radar_conti/lib/python2.7/dist-packages/radar_conti/msg/_ObjectStatus.py, /home/nvidia/radar_ws/devel/lib/python2.7/dist-packages/radar_conti/msg/_ObjectStatus.py)
Linked: (/home/nvidia/radar_ws/devel/.private/radar_conti/lib/python2.7/dist-packages/radar_conti/msg/_CollisonList.py, /home/nvidia/radar_ws/devel/lib/python2.7/dist-packages/radar_conti/msg/_CollisonList.py)
Linked: (/home/nvidia/radar_ws/devel/.private/radar_conti/lib/python2.7/dist-packages/radar_conti/msg/_FilterStateHeader.py, /home/nvidia/radar_ws/devel/lib/python2.7/dist-packages/radar_conti/msg/_FilterStateHeader.py)
Linked: (/home/nvidia/radar_ws/devel/.private/radar_conti/lib/python2.7/dist-packages/radar_conti/msg/_FilterCfg.py, /home/nvidia/radar_ws/devel/lib/python2.7/dist-packages/radar_conti/msg/_FilterCfg.py)
Linked: (/home/nvidia/radar_ws/devel/.private/radar_conti/lib/python2.7/dist-packages/radar_conti/msg/_FilterStateCfg.py, /home/nvidia/radar_ws/devel/lib/python2.7/dist-packages/radar_conti/msg/_FilterStateCfg.py)
Linked: (/home/nvidia/radar_ws/devel/.private/radar_conti/lib/python2.7/dist-packages/radar_conti/msg/_CollisonObj.py, /home/nvidia/radar_ws/devel/lib/python2.7/dist-packages/radar_conti/msg/_CollisonObj.py)
Linked: (/home/nvidia/radar_ws/devel/.private/radar_conti/lib/python2.7/dist-packages/radar_conti/msg/_ClusterStatus.py, /home/nvidia/radar_ws/devel/lib/python2.7/dist-packages/radar_conti/msg/_ClusterStatus.py)
Linked: (/home/nvidia/radar_ws/devel/.private/radar_conti/lib/pkgconfig/radar_conti.pc, /home/nvidia/radar_ws/devel/lib/pkgconfig/radar_conti.pc)
Linked: (/home/nvidia/radar_ws/devel/.private/radar_conti/lib/radar_conti/radar_conti, /home/nvidia/radar_ws/devel/lib/radar_conti/radar_conti)
Linked: (/home/nvidia/radar_ws/devel/.private/radar_conti/lib/radar_conti/radar_info, /home/nvidia/radar_ws/devel/lib/radar_conti/radar_info)
