Determining if the pthread_create exist failed with the following output:
Change Dir: /home/nvidia/radar_ws/build/radar_conti/CMakeFiles/CMakeTmp

Run Build Command:"/usr/bin/make" "cmTC_fedbd/fast"
/usr/bin/make -f CMakeFiles/cmTC_fedbd.dir/build.make CMakeFiles/cmTC_fedbd.dir/build
make[1]: Entering directory '/home/nvidia/radar_ws/build/radar_conti/CMakeFiles/CMakeTmp'
Building C object CMakeFiles/cmTC_fedbd.dir/CheckSymbolExists.c.o
/usr/bin/cc    -o CMakeFiles/cmTC_fedbd.dir/CheckSymbolExists.c.o   -c /home/nvidia/radar_ws/build/radar_conti/CMakeFiles/CMakeTmp/CheckSymbolExists.c
Linking C executable cmTC_fedbd
/usr/bin/cmake -E cmake_link_script CMakeFiles/cmTC_fedbd.dir/link.txt --verbose=1
/usr/bin/cc      -rdynamic CMakeFiles/cmTC_fedbd.dir/CheckSymbolExists.c.o  -o cmTC_fedbd 
CMakeFiles/cmTC_fedbd.dir/CheckSymbolExists.c.o: In function `main':
CheckSymbolExists.c:(.text+0x14): undefined reference to `pthread_create'
CheckSymbolExists.c:(.text+0x18): undefined reference to `pthread_create'
collect2: error: ld returned 1 exit status
CMakeFiles/cmTC_fedbd.dir/build.make:97: recipe for target 'cmTC_fedbd' failed
make[1]: *** [cmTC_fedbd] Error 1
make[1]: Leaving directory '/home/nvidia/radar_ws/build/radar_conti/CMakeFiles/CMakeTmp'
Makefile:126: recipe for target 'cmTC_fedbd/fast' failed
make: *** [cmTC_fedbd/fast] Error 2

File /home/nvidia/radar_ws/build/radar_conti/CMakeFiles/CMakeTmp/CheckSymbolExists.c:
/* */
#include <pthread.h>

int main(int argc, char** argv)
{
  (void)argv;
#ifndef pthread_create
  return ((int*)(&pthread_create))[argc];
#else
  (void)argc;
  return 0;
#endif
}

Determining if the function pthread_create exists in the pthreads failed with the following output:
Change Dir: /home/nvidia/radar_ws/build/radar_conti/CMakeFiles/CMakeTmp

Run Build Command:"/usr/bin/make" "cmTC_5af91/fast"
/usr/bin/make -f CMakeFiles/cmTC_5af91.dir/build.make CMakeFiles/cmTC_5af91.dir/build
make[1]: Entering directory '/home/nvidia/radar_ws/build/radar_conti/CMakeFiles/CMakeTmp'
Building C object CMakeFiles/cmTC_5af91.dir/CheckFunctionExists.c.o
/usr/bin/cc   -DCHECK_FUNCTION_EXISTS=pthread_create   -o CMakeFiles/cmTC_5af91.dir/CheckFunctionExists.c.o   -c /usr/share/cmake-3.10/Modules/CheckFunctionExists.c
Linking C executable cmTC_5af91
/usr/bin/cmake -E cmake_link_script CMakeFiles/cmTC_5af91.dir/link.txt --verbose=1
/usr/bin/cc  -DCHECK_FUNCTION_EXISTS=pthread_create    -rdynamic CMakeFiles/cmTC_5af91.dir/CheckFunctionExists.c.o  -o cmTC_5af91 -lpthreads 
/usr/bin/ld: cannot find -lpthreads
collect2: error: ld returned 1 exit status
CMakeFiles/cmTC_5af91.dir/build.make:97: recipe for target 'cmTC_5af91' failed
make[1]: *** [cmTC_5af91] Error 1
make[1]: Leaving directory '/home/nvidia/radar_ws/build/radar_conti/CMakeFiles/CMakeTmp'
Makefile:126: recipe for target 'cmTC_5af91/fast' failed
make: *** [cmTC_5af91/fast] Error 2


