[  0%] Built target std_msgs_generate_messages_py
[  0%] Built target can_msgs_generate_messages_py
[  0%] Built target rosgraph_msgs_generate_messages_nodejs
[  0%] Built target std_msgs_generate_messages_lisp
[  0%] Built target can_msgs_generate_messages_cpp
[  0%] Built target roscpp_generate_messages_cpp
[  0%] Built target std_msgs_generate_messages_eus
[  0%] Built target rosgraph_msgs_generate_messages_cpp
[  0%] Built target can_msgs_generate_messages_nodejs
[  0%] Built target can_msgs_generate_messages_eus
[  0%] Built target rosgraph_msgs_generate_messages_py
[  0%] Built target std_msgs_generate_messages_cpp
[  0%] Built target roscpp_generate_messages_nodejs
[  0%] Built target roscpp_generate_messages_eus
[  0%] Built target roscpp_generate_messages_py
[  0%] Built target rosgraph_msgs_generate_messages_eus
[  0%] Built target roscpp_generate_messages_lisp
[  0%] Built target rosgraph_msgs_generate_messages_lisp
[  0%] Built target std_msgs_generate_messages_nodejs
[  0%] Built target can_msgs_generate_messages_lisp
[35m[1mScanning dependencies of target configuration[0m
[ 18%] Built target topic_to_socketcan
[ 37%] Built target socketcan_to_topic
[ 43%] [32mBuilding CXX object CMakeFiles/configuration.dir/src/configuration.cpp.o[0m
[ 56%] Built target socketcan_to_topic_node
[ 68%] Built target socketcan_bridge_node
[ 81%] Built target topic_to_socketcan_node
[ 87%] [32m[1mLinking CXX shared library /home/nvidia/radar_ws/devel/.private/socketcan_bridge/lib/libconfiguration.so[0m
[ 87%] Built target configuration
[35m[1mScanning dependencies of target configuration_node[0m
[ 93%] [32mBuilding CXX object CMakeFiles/configuration_node.dir/src/configuration_node.cpp.o[0m
[100%] [32m[1mLinking CXX executable /home/nvidia/radar_ws/devel/.private/socketcan_bridge/lib/socketcan_bridge/configuration_node[0m
[100%] Built target configuration_node
