Determining if the pthread_create exist failed with the following output:
Change Dir: /home/nvidia/radar_ws/build/canopen_chain_node/CMakeFiles/CMakeTmp

Run Build Command:"/usr/bin/make" "cmTC_201aa/fast"
/usr/bin/make -f CMakeFiles/cmTC_201aa.dir/build.make CMakeFiles/cmTC_201aa.dir/build
make[1]: Entering directory '/home/nvidia/radar_ws/build/canopen_chain_node/CMakeFiles/CMakeTmp'
Building C object CMakeFiles/cmTC_201aa.dir/CheckSymbolExists.c.o
/usr/bin/cc    -o CMakeFiles/cmTC_201aa.dir/CheckSymbolExists.c.o   -c /home/nvidia/radar_ws/build/canopen_chain_node/CMakeFiles/CMakeTmp/CheckSymbolExists.c
Linking C executable cmTC_201aa
/usr/bin/cmake -E cmake_link_script CMakeFiles/cmTC_201aa.dir/link.txt --verbose=1
/usr/bin/cc      -rdynamic CMakeFiles/cmTC_201aa.dir/CheckSymbolExists.c.o  -o cmTC_201aa 
CMakeFiles/cmTC_201aa.dir/CheckSymbolExists.c.o: In function `main':
CheckSymbolExists.c:(.text+0x14): undefined reference to `pthread_create'
CheckSymbolExists.c:(.text+0x18): undefined reference to `pthread_create'
collect2: error: ld returned 1 exit status
CMakeFiles/cmTC_201aa.dir/build.make:97: recipe for target 'cmTC_201aa' failed
make[1]: *** [cmTC_201aa] Error 1
make[1]: Leaving directory '/home/nvidia/radar_ws/build/canopen_chain_node/CMakeFiles/CMakeTmp'
Makefile:126: recipe for target 'cmTC_201aa/fast' failed
make: *** [cmTC_201aa/fast] Error 2

File /home/nvidia/radar_ws/build/canopen_chain_node/CMakeFiles/CMakeTmp/CheckSymbolExists.c:
/* */
#include <pthread.h>

int main(int argc, char** argv)
{
  (void)argv;
#ifndef pthread_create
  return ((int*)(&pthread_create))[argc];
#else
  (void)argc;
  return 0;
#endif
}

Determining if the function pthread_create exists in the pthreads failed with the following output:
Change Dir: /home/nvidia/radar_ws/build/canopen_chain_node/CMakeFiles/CMakeTmp

Run Build Command:"/usr/bin/make" "cmTC_97909/fast"
/usr/bin/make -f CMakeFiles/cmTC_97909.dir/build.make CMakeFiles/cmTC_97909.dir/build
make[1]: Entering directory '/home/nvidia/radar_ws/build/canopen_chain_node/CMakeFiles/CMakeTmp'
Building C object CMakeFiles/cmTC_97909.dir/CheckFunctionExists.c.o
/usr/bin/cc   -DCHECK_FUNCTION_EXISTS=pthread_create   -o CMakeFiles/cmTC_97909.dir/CheckFunctionExists.c.o   -c /usr/share/cmake-3.10/Modules/CheckFunctionExists.c
Linking C executable cmTC_97909
/usr/bin/cmake -E cmake_link_script CMakeFiles/cmTC_97909.dir/link.txt --verbose=1
/usr/bin/cc  -DCHECK_FUNCTION_EXISTS=pthread_create    -rdynamic CMakeFiles/cmTC_97909.dir/CheckFunctionExists.c.o  -o cmTC_97909 -lpthreads 
/usr/bin/ld: cannot find -lpthreads
collect2: error: ld returned 1 exit status
CMakeFiles/cmTC_97909.dir/build.make:97: recipe for target 'cmTC_97909' failed
make[1]: *** [cmTC_97909] Error 1
make[1]: Leaving directory '/home/nvidia/radar_ws/build/canopen_chain_node/CMakeFiles/CMakeTmp'
Makefile:126: recipe for target 'cmTC_97909/fast' failed
make: *** [cmTC_97909/fast] Error 2


